# JRE version: OpenJDK Runtime Environment (8.0_152-b06) (build 1.8.0_152-release-1136-b06)
# Java VM: OpenJDK 64-Bit Server VM (25.152-b06 mixed mode windows-amd64 compressed oops)
Heap:
 PSYoungGen      total 372736K, used 6630K [0x00000000e0000000, 0x00000000fcc80000, 0x0000000100000000)
  eden space 273920K, 0% used [0x00000000e0000000,0x00000000e0000000,0x00000000f0b80000)
  from space 98816K, 6% used [0x00000000f0b80000,0x00000000f11f99b0,0x00000000f6c00000)
  to   space 94208K, 0% used [0x00000000f7080000,0x00000000f7080000,0x00000000fcc80000)
 ParOldGen       total 305152K, used 85683K [0x00000000a0000000, 0x00000000b2a00000, 0x00000000e0000000)
  object space 305152K, 28% used [0x00000000a0000000,0x00000000a53acf18,0x00000000b2a00000)
 Metaspace       used 89401K, capacity 95994K, committed 96404K, reserved 1136640K
  class space    used 11476K, capacity 12875K, committed 12988K, reserved 1048576K
GC Heap History (10 events):
Event: 7024.262 GC heap after
Heap after GC invocations=38 (full 4):
 PSYoungGen      total 374784K, used 24808K [0x00000000e0000000, 0x00000000fe380000, 0x0000000100000000)
  eden space 283136K, 0% used [0x00000000e0000000,0x00000000e0000000,0x00000000f1480000)
  from space 91648K, 27% used [0x00000000f8a00000,0x00000000fa23a3d0,0x00000000fe380000)
  to   space 105984K, 0% used [0x00000000f1480000,0x00000000f1480000,0x00000000f7c00000)
 ParOldGen       total 305152K, used 255519K [0x00000000a0000000, 0x00000000b2a00000, 0x00000000e0000000)
  object space 305152K, 83% used [0x00000000a0000000,0x00000000af987f00,0x00000000b2a00000)
 Metaspace       used 80255K, capacity 86778K, committed 87060K, reserved 1124352K
  class space    used 10356K, capacity 11768K, committed 11836K, reserved 1048576K
}
Event: 7538.979 GC heap before
{Heap before GC invocations=39 (full 4):
 PSYoungGen      total 374784K, used 307944K [0x00000000e0000000, 0x00000000fe380000, 0x0000000100000000)
  eden space 283136K, 100% used [0x00000000e0000000,0x00000000f1480000,0x00000000f1480000)
  from space 91648K, 27% used [0x00000000f8a00000,0x00000000fa23a3d0,0x00000000fe380000)
  to   space 105984K, 0% used [0x00000000f1480000,0x00000000f1480000,0x00000000f7c00000)
 ParOldGen       total 305152K, used 255519K [0x00000000a0000000, 0x00000000b2a00000, 0x00000000e0000000)
  object space 305152K, 83% used [0x00000000a0000000,0x00000000af987f00,0x00000000b2a00000)
 Metaspace       used 80899K, capacity 87516K, committed 87700K, reserved 1124352K
  class space    used 10398K, capacity 11854K, committed 11964K, reserved 1048576K
Event: 7538.994 GC heap after
Heap after GC invocations=39 (full 4):
 PSYoungGen      total 287232K, used 12866K [0x00000000e0000000, 0x00000000fd580000, 0x0000000100000000)
  eden space 273920K, 0% used [0x00000000e0000000,0x00000000e0000000,0x00000000f0b80000)
  from space 13312K, 96% used [0x00000000f1480000,0x00000000f21109f8,0x00000000f2180000)
  to   space 103424K, 0% used [0x00000000f7080000,0x00000000f7080000,0x00000000fd580000)
 ParOldGen       total 305152K, used 255527K [0x00000000a0000000, 0x00000000b2a00000, 0x00000000e0000000)
  object space 305152K, 83% used [0x00000000a0000000,0x00000000af989f00,0x00000000b2a00000)
 Metaspace       used 80899K, capacity 87516K, committed 87700K, reserved 1124352K
  class space    used 10398K, capacity 11854K, committed 11964K, reserved 1048576K
}
Event: 7566.394 GC heap before
{Heap before GC invocations=40 (full 4):
 PSYoungGen      total 287232K, used 276941K [0x00000000e0000000, 0x00000000fd580000, 0x0000000100000000)
  eden space 273920K, 96% used [0x00000000e0000000,0x00000000f01e2ad0,0x00000000f0b80000)
  from space 13312K, 96% used [0x00000000f1480000,0x00000000f21109f8,0x00000000f2180000)
  to   space 103424K, 0% used [0x00000000f7080000,0x00000000f7080000,0x00000000fd580000)
 ParOldGen       total 305152K, used 255527K [0x00000000a0000000, 0x00000000b2a00000, 0x00000000e0000000)
  object space 305152K, 83% used [0x00000000a0000000,0x00000000af989f00,0x00000000b2a00000)
 Metaspace       used 84740K, capacity 91616K, committed 91796K, reserved 1128448K
  class space    used 10885K, capacity 12364K, committed 12476K, reserved 1048576K
Event: 7566.435 GC heap after
Heap after GC invocations=40 (full 4):
 PSYoungGen      total 368128K, used 40646K [0x00000000e0000000, 0x00000000fcc80000, 0x0000000100000000)
  eden space 273920K, 0% used [0x00000000e0000000,0x00000000e0000000,0x00000000f0b80000)
  from space 94208K, 43% used [0x00000000f7080000,0x00000000f9831bf8,0x00000000fcc80000)
  to   space 98816K, 0% used [0x00000000f0b80000,0x00000000f0b80000,0x00000000f6c00000)
 ParOldGen       total 305152K, used 255527K [0x00000000a0000000, 0x00000000b2a00000, 0x00000000e0000000)
  object space 305152K, 83% used [0x00000000a0000000,0x00000000af989f00,0x00000000b2a00000)
 Metaspace       used 84740K, capacity 91616K, committed 91796K, reserved 1128448K
  class space    used 10885K, capacity 12364K, committed 12476K, reserved 1048576K
}
Event: 7566.435 GC heap before
{Heap before GC invocations=41 (full 5):
 PSYoungGen      total 368128K, used 40646K [0x00000000e0000000, 0x00000000fcc80000, 0x0000000100000000)
  eden space 273920K, 0% used [0x00000000e0000000,0x00000000e0000000,0x00000000f0b80000)
  from space 94208K, 43% used [0x00000000f7080000,0x00000000f9831bf8,0x00000000fcc80000)
  to   space 98816K, 0% used [0x00000000f0b80000,0x00000000f0b80000,0x00000000f6c00000)
 ParOldGen       total 305152K, used 255527K [0x00000000a0000000, 0x00000000b2a00000, 0x00000000e0000000)
  object space 305152K, 83% used [0x00000000a0000000,0x00000000af989f00,0x00000000b2a00000)
 Metaspace       used 84740K, capacity 91616K, committed 91796K, reserved 1128448K
  class space    used 10885K, capacity 12364K, committed 12476K, reserved 1048576K
Event: 7566.757 GC heap after
Heap after GC invocations=41 (full 5):
 PSYoungGen      total 368128K, used 0K [0x00000000e0000000, 0x00000000fcc80000, 0x0000000100000000)
  eden space 273920K, 0% used [0x00000000e0000000,0x00000000e0000000,0x00000000f0b80000)
  from space 94208K, 0% used [0x00000000f7080000,0x00000000f7080000,0x00000000fcc80000)
  to   space 98816K, 0% used [0x00000000f0b80000,0x00000000f0b80000,0x00000000f6c00000)
 ParOldGen       total 305152K, used 85675K [0x00000000a0000000, 0x00000000b2a00000, 0x00000000e0000000)
  object space 305152K, 28% used [0x00000000a0000000,0x00000000a53aaf18,0x00000000b2a00000)
 Metaspace       used 84359K, capacity 90922K, committed 91796K, reserved 1128448K
  class space    used 10808K, capacity 12195K, committed 12476K, reserved 1048576K
}
Event: 7573.122 GC heap before
{Heap before GC invocations=42 (full 5):
 PSYoungGen      total 368128K, used 45185K [0x00000000e0000000, 0x00000000fcc80000, 0x0000000100000000)
  eden space 273920K, 16% used [0x00000000e0000000,0x00000000e2c206f8,0x00000000f0b80000)
  from space 94208K, 0% used [0x00000000f7080000,0x00000000f7080000,0x00000000fcc80000)
  to   space 98816K, 0% used [0x00000000f0b80000,0x00000000f0b80000,0x00000000f6c00000)
 ParOldGen       total 305152K, used 85675K [0x00000000a0000000, 0x00000000b2a00000, 0x00000000e0000000)
  object space 305152K, 28% used [0x00000000a0000000,0x00000000a53aaf18,0x00000000b2a00000)
 Metaspace       used 89401K, capacity 95994K, committed 96404K, reserved 1136640K
  class space    used 11476K, capacity 12875K, committed 12988K, reserved 1048576K
Event: 7573.133 GC heap after
Heap after GC invocations=42 (full 5):
 PSYoungGen      total 372736K, used 6630K [0x00000000e0000000, 0x00000000fcc80000, 0x0000000100000000)
  eden space 273920K, 0% used [0x00000000e0000000,0x00000000e0000000,0x00000000f0b80000)
  from space 98816K, 6% used [0x00000000f0b80000,0x00000000f11f99b0,0x00000000f6c00000)
  to   space 94208K, 0% used [0x00000000f7080000,0x00000000f7080000,0x00000000fcc80000)
 ParOldGen       total 305152K, used 85683K [0x00000000a0000000, 0x00000000b2a00000, 0x00000000e0000000)
  object space 305152K, 28% used [0x00000000a0000000,0x00000000a53acf18,0x00000000b2a00000)
 Metaspace       used 89401K, capacity 95994K, committed 96404K, reserved 1136640K
  class space    used 11476K, capacity 12875K, committed 12988K, reserved 1048576K
}
Event: 7573.133 GC heap before
{Heap before GC invocations=43 (full 6):
 PSYoungGen      total 372736K, used 6630K [0x00000000e0000000, 0x00000000fcc80000, 0x0000000100000000)
  eden space 273920K, 0% used [0x00000000e0000000,0x00000000e0000000,0x00000000f0b80000)
  from space 98816K, 6% used [0x00000000f0b80000,0x00000000f11f99b0,0x00000000f6c00000)
  to   space 94208K, 0% used [0x00000000f7080000,0x00000000f7080000,0x00000000fcc80000)
 ParOldGen       total 305152K, used 85683K [0x00000000a0000000, 0x00000000b2a00000, 0x00000000e0000000)
  object space 305152K, 28% used [0x00000000a0000000,0x00000000a53acf18,0x00000000b2a00000)
 Metaspace       used 89401K, capacity 95994K, committed 96404K, reserved 1136640K
  class space    used 11476K, capacity 12875K, committed 12988K, reserved 1048576K

